<?xml version="1.0" encoding="UTF-8"?>
<!-- Generated by org.testng.reporters.JUnitXMLReporter -->
<testsuite ignored="1" hostname="DESKTOP-91HRFE0" failures="0" tests="12" name="Test(failed)" time="0.183" errors="0" timestamp="2022-11-08T11:46:14 IST">
  <testcase classname="BaseB.BaseT" name="@BeforeSuite initilization" time="3.146">
    <failure type="org.openqa.selenium.SessionNotCreatedException" message="Could not start a new session. Response code 500. Message: session not created: This version of ChromeDriver only supports Chrome version 105
Current browser version is 107.0.5304.88 with binary path C:\Program Files\Google\Chrome\Application\chrome.exe
Build info: version: &amp;apos;4.4.0&amp;apos;, revision: &amp;apos;e5c75ed026a&amp;apos;
System info: host: &amp;apos;DESKTOP-91HRFE0&amp;apos;, ip: &amp;apos;192.168.2.8&amp;apos;, os.name: &amp;apos;Windows 10&amp;apos;, os.arch: &amp;apos;amd64&amp;apos;, os.version: &amp;apos;10.0&amp;apos;, java.version: &amp;apos;18.0.2&amp;apos;
Driver info: org.openqa.selenium.chrome.ChromeDriver
Command: [null, newSession {capabilities=[Capabilities {browserName: chrome, goog:chromeOptions: {args: [], extensions: []}}], desiredCapabilities=Capabilities {browserName: chrome, goog:chromeOptions: {args: [], extensions: []}}}]">
      <![CDATA[org.openqa.selenium.SessionNotCreatedException: Could not start a new session. Response code 500. Message: session not created: This version of ChromeDriver only supports Chrome version 105
Current browser version is 107.0.5304.88 with binary path C:\Program Files\Google\Chrome\Application\chrome.exe
Build info: version: '4.4.0', revision: 'e5c75ed026a'
System info: host: 'DESKTOP-91HRFE0', ip: '192.168.2.8', os.name: 'Windows 10', os.arch: 'amd64', os.version: '10.0', java.version: '18.0.2'
Driver info: org.openqa.selenium.chrome.ChromeDriver
Command: [null, newSession {capabilities=[Capabilities {browserName: chrome, goog:chromeOptions: {args: [], extensions: []}}], desiredCapabilities=Capabilities {browserName: chrome, goog:chromeOptions: {args: [], extensions: []}}}]
at org.openqa.selenium.remote.ProtocolHandshake.createSession(ProtocolHandshake.java:144)
at org.openqa.selenium.remote.ProtocolHandshake.createSession(ProtocolHandshake.java:102)
at org.openqa.selenium.remote.ProtocolHandshake.createSession(ProtocolHandshake.java:67)
at org.openqa.selenium.remote.HttpCommandExecutor.execute(HttpCommandExecutor.java:156)
at org.openqa.selenium.remote.service.DriverCommandExecutor.invokeExecute(DriverCommandExecutor.java:167)
at org.openqa.selenium.remote.service.DriverCommandExecutor.execute(DriverCommandExecutor.java:142)
at org.openqa.selenium.remote.RemoteWebDriver.execute(RemoteWebDriver.java:547)
at org.openqa.selenium.remote.RemoteWebDriver.startSession(RemoteWebDriver.java:242)
at org.openqa.selenium.remote.RemoteWebDriver.<init>(RemoteWebDriver.java:157)
at org.openqa.selenium.chromium.ChromiumDriver.<init>(ChromiumDriver.java:101)
at org.openqa.selenium.chrome.ChromeDriver.<init>(ChromeDriver.java:81)
at org.openqa.selenium.chrome.ChromeDriver.<init>(ChromeDriver.java:49)
at BaseB.BaseT.initilization(BaseT.java:66)
... Removed 17 stack frames]]>
    </failure>
  </testcase> <!-- @BeforeSuite initilization -->
  <testcase classname="BaseB.BaseT" name="@BeforeClass objectInitiate" time="-1.667888174181E9">
    <skipped/>
  </testcase> <!-- @BeforeClass objectInitiate -->
  <testcase classname="BaseB.BaseT" name="@BeforeClass objectInitiate" time="-1.667888174271E9">
    <skipped/>
  </testcase> <!-- @BeforeClass objectInitiate -->
  <testcase classname="Test.LoginPageTest" name="LoginPageLogo" time="0.0">
    <skipped/>
  </testcase> <!-- LoginPageLogo -->
  <testcase classname="Test.LoginPageTest" name="forgetPasswordLink" time="0.0">
    <skipped/>
  </testcase> <!-- forgetPasswordLink -->
  <testcase classname="Test.LoginPageTest" name="LoginButtonDisplay" time="0.0">
    <skipped/>
  </testcase> <!-- LoginButtonDisplay -->
  <testcase classname="Test.LoginPageTest" name="HiringTitleTest" time="0.0">
    <skipped/>
  </testcase> <!-- HiringTitleTest -->
  <testcase classname="Test.LoginPageTest" name="UserPageTest" time="0.0">
    <skipped/>
  </testcase> <!-- UserPageTest -->
  <testcase classname="Test.LoginPageTest" name="LogoTest" time="0.0">
    <skipped/>
  </testcase> <!-- LogoTest -->
  <testcase classname="Test.UsersPageTest" name="AddUserTest1" time="0.0">
    <skipped/>
  </testcase> <!-- AddUserTest1 -->
  <testcase classname="Test.UsersPageTest" name="DeleteUsers" time="0.0">
    <skipped/>
  </testcase> <!-- DeleteUsers -->
  <testcase classname="Test.UsersPageTest" name="AdAgency" time="0.0">
    <skipped/>
  </testcase> <!-- AdAgency -->
  <testcase classname="Test.UsersPageTest" name="SearchAgency" time="0.0">
    <skipped/>
  </testcase> <!-- SearchAgency -->
  <testcase classname="Test.UsersPageTest" name="deleteAgency" time="0.0">
    <skipped/>
  </testcase> <!-- deleteAgency -->
  <testcase classname="Test.UsersPageTest" name="addJD" time="0.0">
    <skipped/>
  </testcase> <!-- addJD -->
  <testcase classname="BaseB.BaseT" name="@BeforeSuite initilization" time="0.0">
    <ignored/>
  </testcase> <!-- @BeforeSuite initilization -->
</testsuite> <!-- Test(failed) -->
