<?xml version="1.0" encoding="UTF-8"?>
<!-- Generated by org.testng.reporters.JUnitXMLReporter -->
<testsuite ignored="7" hostname="DESKTOP-91HRFE0" failures="1" tests="18" name="Test" time="189.104" errors="0" timestamp="2022-12-10T17:53:17 IST">
  <testcase classname="Test.LoginPageTest1" name="LoginPageLogo" time="2.216"/>
  <testcase classname="Test.LoginPageTest1" name="forgetPasswordLink" time="0.647"/>
  <testcase classname="Test.LoginPageTest1" name="LoginButtonDisplay" time="0.561"/>
  <testcase classname="Test.LoginPageTest1" name="HiringTitleTest" time="0.011"/>
  <testcase classname="Test.LoginPageTest1" name="UserPageTest" time="10.733"/>
  <testcase classname="Test.LoginPageTest1" name="LogoTest" time="1.237"/>
  <testcase classname="Test.UsersPageTest2" name="AddUserTest1" time="29.869"/>
  <testcase classname="Test.UsersPageTest2" name="DeleteUsers" time="10.766"/>
  <testcase classname="Test.UsersPageTest2" name="AdAgency" time="14.395"/>
  <testcase classname="Test.UsersPageTest2" name="SearchAgency" time="2.646"/>
  <testcase classname="Test.UsersPageTest2" name="deleteAgency" time="3.605"/>
  <testcase classname="Test.UsersPageTest2" name="SearchingJd" time="4.16"/>
  <testcase classname="Test.UsersPageTest2" name="addJD" time="40.531"/>
  <testcase classname="Test.UsersPageTest2" name="ViewProfileJD" time="12.664"/>
  <testcase classname="Test.UsersPageTest2" name="panelistAdd" time="9.162"/>
  <testcase classname="Test.UsersPageTest2" name="addingSlots" time="38.069"/>
  <testcase classname="Test.UsersPageTest2" name="searchingPanelists" time="6.363"/>
  <testcase classname="Test.UsersPageTest2" name="editingPanelists" time="0.996">
    <failure type="org.openqa.selenium.StaleElementReferenceException" message="stale element reference: element is not attached to the page document
  (Session info: chrome=108.0.5359.99)
For documentation on this error, please visit: https://selenium.dev/exceptions/#stale_element_reference
Build info: version: &amp;apos;4.4.0&amp;apos;, revision: &amp;apos;e5c75ed026a&amp;apos;
System info: host: &amp;apos;DESKTOP-91HRFE0&amp;apos;, ip: &amp;apos;192.168.1.144&amp;apos;, os.name: &amp;apos;Windows 10&amp;apos;, os.arch: &amp;apos;amd64&amp;apos;, os.version: &amp;apos;10.0&amp;apos;, java.version: &amp;apos;18.0.2&amp;apos;
Driver info: org.openqa.selenium.chrome.ChromeDriver
Command: [03343259c1979649125daa99a9b4d240, clickElement {id=55a02cfa-adce-435e-ac74-b8d0986ca48e}]
Capabilities {acceptInsecureCerts: false, browserName: chrome, browserVersion: 108.0.5359.99, chrome: {chromedriverVersion: 107.0.5304.62 (1eec40d3a576..., userDataDir: C:\Users\BRIGOS~1\AppData\L...}, goog:chromeOptions: {debuggerAddress: localhost:58569}, networkConnectionEnabled: false, pageLoadStrategy: normal, platformName: WINDOWS, proxy: Proxy(), se:cdp: ws://localhost:58569/devtoo..., se:cdpVersion: 108.0.5359.99, setWindowRect: true, strictFileInteractability: false, timeouts: {implicit: 0, pageLoad: 300000, script: 30000}, unhandledPromptBehavior: dismiss and notify, webauthn:extension:credBlob: true, webauthn:extension:largeBlob: true, webauthn:virtualAuthenticators: true}
Element: [[ChromeDriver: chrome on WINDOWS (03343259c1979649125daa99a9b4d240)] -&amp;gt; xpath: (//span[@class=&amp;apos;anticon anticon-edit&amp;apos;])[1]]
Session ID: 03343259c1979649125daa99a9b4d240">
      <![CDATA[org.openqa.selenium.StaleElementReferenceException: stale element reference: element is not attached to the page document
  (Session info: chrome=108.0.5359.99)
For documentation on this error, please visit: https://selenium.dev/exceptions/#stale_element_reference
Build info: version: '4.4.0', revision: 'e5c75ed026a'
System info: host: 'DESKTOP-91HRFE0', ip: '192.168.1.144', os.name: 'Windows 10', os.arch: 'amd64', os.version: '10.0', java.version: '18.0.2'
Driver info: org.openqa.selenium.chrome.ChromeDriver
Command: [03343259c1979649125daa99a9b4d240, clickElement {id=55a02cfa-adce-435e-ac74-b8d0986ca48e}]
Capabilities {acceptInsecureCerts: false, browserName: chrome, browserVersion: 108.0.5359.99, chrome: {chromedriverVersion: 107.0.5304.62 (1eec40d3a576..., userDataDir: C:\Users\BRIGOS~1\AppData\L...}, goog:chromeOptions: {debuggerAddress: localhost:58569}, networkConnectionEnabled: false, pageLoadStrategy: normal, platformName: WINDOWS, proxy: Proxy(), se:cdp: ws://localhost:58569/devtoo..., se:cdpVersion: 108.0.5359.99, setWindowRect: true, strictFileInteractability: false, timeouts: {implicit: 0, pageLoad: 300000, script: 30000}, unhandledPromptBehavior: dismiss and notify, webauthn:extension:credBlob: true, webauthn:extension:largeBlob: true, webauthn:virtualAuthenticators: true}
Element: [[ChromeDriver: chrome on WINDOWS (03343259c1979649125daa99a9b4d240)] -> xpath: (//span[@class='anticon anticon-edit'])[1]]
Session ID: 03343259c1979649125daa99a9b4d240
at org.openqa.selenium.remote.codec.w3c.W3CHttpResponseCodec.createException(W3CHttpResponseCodec.java:200)
at org.openqa.selenium.remote.codec.w3c.W3CHttpResponseCodec.decode(W3CHttpResponseCodec.java:133)
at org.openqa.selenium.remote.codec.w3c.W3CHttpResponseCodec.decode(W3CHttpResponseCodec.java:53)
at org.openqa.selenium.remote.HttpCommandExecutor.execute(HttpCommandExecutor.java:184)
at org.openqa.selenium.remote.service.DriverCommandExecutor.invokeExecute(DriverCommandExecutor.java:167)
at org.openqa.selenium.remote.service.DriverCommandExecutor.execute(DriverCommandExecutor.java:142)
at org.openqa.selenium.remote.RemoteWebDriver.execute(RemoteWebDriver.java:547)
at org.openqa.selenium.remote.RemoteWebElement.execute(RemoteWebElement.java:257)
at org.openqa.selenium.remote.RemoteWebElement.click(RemoteWebElement.java:78)
at PageOrder.PanelistsPage.EditPanelist(PanelistsPage.java:218)
at Test.UsersPageTest2.editingPanelists(UsersPageTest2.java:204)
at java.base/java.util.ArrayList.forEach(ArrayList.java:1511)
... Removed 28 stack frames]]>
    </failure>
  </testcase> <!-- editingPanelists -->
  <testcase classname="Test.JobsPageTest" name="addJD" time="0.0">
    <ignored/>
  </testcase> <!-- addJD -->
  <testcase classname="Test.PanelistsPageTest3" name="editingPanelists" time="0.0">
    <ignored/>
  </testcase> <!-- editingPanelists -->
  <testcase classname="Test.PanelistsPageTest3" name="searchingPanelists" time="0.0">
    <ignored/>
  </testcase> <!-- searchingPanelists -->
  <testcase classname="BaseB.BaseT" name="@BeforeSuite initilization" time="0.0">
    <ignored/>
  </testcase> <!-- @BeforeSuite initilization -->
  <testcase classname="BaseB.BaseT" name="@BeforeSuite initilization" time="0.0">
    <ignored/>
  </testcase> <!-- @BeforeSuite initilization -->
  <testcase classname="BaseB.BaseT" name="@BeforeSuite initilization" time="0.0">
    <ignored/>
  </testcase> <!-- @BeforeSuite initilization -->
  <testcase classname="Test.PanelistsPageTest3" name="panelistAdd" time="0.0">
    <ignored/>
  </testcase> <!-- panelistAdd -->
</testsuite> <!-- Test -->
